#
# A fatal error has been detected by the Java Runtime Environment:
#
#  Internal Error (safepoint.cpp:310), pid=31226, tid=10499
#  guarantee(PageArmed == 0) failed: invariant
#
# JRE version: Java(TM) SE Runtime Environment (8.0_51-b16) (build 1.8.0_51-b16)
# Java VM: Java HotSpot(TM) 64-Bit Server VM (25.51-b03 mixed mode bsd-amd64 compressed oops)
# Failed to write core dump. Core dumps have been disabled. To enable core dumping, try "ulimit -c unlimited" before starting Java again
#
# If you would like to submit a bug report, please visit:
#   http://bugreport.java.com/bugreport/crash.jsp
#

---------------  T H R E A D  ---------------

Current thread (0x00007faf12012800):  VMThread [stack: 0x0000000127268000,0x0000000127368000] [id=10499]

Stack: [0x0000000127268000,0x0000000127368000],  sp=0x0000000127367910,  free space=1022k
Native frames: (J=compiled Java code, j=interpreted, Vv=VM code, C=native code)
V  [libjvm.dylib+0x58e75a]  VMError::report_and_die()+0x3f8
V  [libjvm.dylib+0x1e0237]  report_vm_error(char const*, int, char const*, char const*)+0x54
V  [libjvm.dylib+0x4c2da4]  SafepointSynchronize::begin()+0x2be
V  [libjvm.dylib+0x5949c7]  VMThread::loop()+0x319
V  [libjvm.dylib+0x5942f5]  VMThread::run()+0x79
V  [libjvm.dylib+0x46e99e]  java_start(Thread*)+0xf6
C  [libsystem_pthread.dylib+0x3268]  _pthread_body+0x83
C  [libsystem_pthread.dylib+0x31e5]  _pthread_body+0x0
C  [libsystem_pthread.dylib+0x141d]  thread_start+0xd

VM_Operation (0x0000000129506658): Exit, mode: safepoint, requested by thread 0x00007faf1184f000


---------------  P R O C E S S  ---------------

Java Threads: ( => current thread )
  0x00007faf1184f000 JavaThread "SIGTERM handler" daemon [_thread_blocked, id=12807, stack(0x0000000129407000,0x0000000129507000)]
  0x00007faf1107e000 JavaThread "Service Thread" daemon [_thread_blocked, id=17923, stack(0x00000001291ff000,0x00000001292ff000)]
  0x00007faf12814800 JavaThread "C1 CompilerThread2" daemon [_thread_blocked, id=17411, stack(0x00000001290fc000,0x00000001291fc000)]
  0x00007faf1106d800 JavaThread "C2 CompilerThread1" daemon [_thread_blocked, id=16899, stack(0x0000000128ff9000,0x00000001290f9000)]
  0x00007faf12019800 JavaThread "C2 CompilerThread0" daemon [_thread_blocked, id=16387, stack(0x0000000128ef6000,0x0000000128ff6000)]
  0x00007faf12003000 JavaThread "Signal Dispatcher" daemon [_thread_in_vm, id=12307, stack(0x0000000128df3000,0x0000000128ef3000)]
  0x00007faf12013800 JavaThread "Finalizer" daemon [_thread_blocked, id=11523, stack(0x000000012746e000,0x000000012756e000)]
  0x00007faf12804000 JavaThread "Reference Handler" daemon [_thread_blocked, id=11011, stack(0x000000012736b000,0x000000012746b000)]
  0x00007faf12004800 JavaThread "main" [_thread_in_Java, id=4867, stack(0x0000000103401000,0x0000000103501000)]

Other Threads:
=>0x00007faf12012800 VMThread [stack: 0x0000000127268000,0x0000000127368000] [id=10499]

VM state:synchronizing (normal execution)

VM Mutex/Monitor currently owned by a thread:  ([mutex/lock_event])
[0x00007faf10d09ae0] Safepoint_lock - owner thread: 0x00007faf12012800
[0x00007faf10d09b60] Threads_lock - owner thread: 0x00007faf12012800

Heap:
 PSYoungGen      total 1223168K, used 282556K [0x0000000715580000, 0x000000076aa80000, 0x00000007c0000000)
  eden space 1048576K, 26% used [0x0000000715580000,0x000000072696f2d0,0x0000000755580000)
  from space 174592K, 0% used [0x0000000760000000,0x0000000760000000,0x000000076aa80000)
  to   space 174592K, 0% used [0x0000000755580000,0x0000000755580000,0x0000000760000000)
 ParOldGen       total 2796544K, used 0K [0x00000005c0000000, 0x000000066ab00000, 0x0000000715580000)
  object space 2796544K, 0% used [0x00000005c0000000,0x00000005c0000000,0x000000066ab00000)
 Metaspace       used 2954K, capacity 4600K, committed 4864K, reserved 1056768K
  class space    used 319K, capacity 424K, committed 512K, reserved 1048576K

Card table byte_map: [0x00000001128c3000,0x00000001138c4000] byte_map_base: 0x000000010fac3000

Marking Bits: (ParMarkBitMap*) 0x000000010244f7a0
 Begin Bits: [0x000000011477b000, 0x000000011c77b000)
 End Bits:   [0x000000011c77b000, 0x000000012477b000)

Polling page: 0x0000000102b50000

CodeCache: size=245760Kb used=1268Kb max_used=1272Kb free=244492Kb
 bounds [0x0000000103503000, 0x0000000103773000, 0x0000000112503000]
 total_blobs=353 nmethods=103 adapters=164
 compilation: enabled

Compilation events (10 events):
Event: 70.857 Thread 0x00007faf12019800   99 %     4       edu.uva.hdstats.LassoEstimator$CovarianceDiffNorm1::func @ 8 (54 bytes)
Event: 70.860 Thread 0x00007faf12019800 nmethod 99% 0x000000010363f910 code [0x000000010363fa80, 0x000000010363fdb8]
Event: 70.860 Thread 0x00007faf1106d800  100       4       edu.uva.hdstats.LassoEstimator$CovarianceDiffNorm1::func (54 bytes)
Event: 70.862 Thread 0x00007faf1106d800 nmethod 100 0x000000010363f3d0 code [0x000000010363f540, 0x000000010363f818]
Event: 601.471 Thread 0x00007faf12814800  101 %     3       edu.uva.libopt.numeric.Utils::getGradient @ 12 (68 bytes)
Event: 601.472 Thread 0x00007faf12814800 nmethod 101% 0x0000000103640350 code [0x0000000103640500, 0x0000000103640a18]
Event: 610.357 Thread 0x00007faf12814800  102       3       edu.uva.libopt.numeric.Utils::getGradient (68 bytes)
Event: 610.358 Thread 0x00007faf12814800 nmethod 102 0x000000010363eb90 code [0x000000010363ed20, 0x000000010363f138]
Event: 957.522 Thread 0x00007faf12019800  103 %     4       edu.uva.libopt.numeric.Utils::getGradient @ 12 (68 bytes)
Event: 957.532 Thread 0x00007faf12019800 nmethod 103% 0x0000000103642110 code [0x00000001036422a0, 0x0000000103642978]

GC Heap History (0 events):
No events

Deoptimization events (3 events):
Event: 1.037 Thread 0x00007faf12004800 Uncommon trap: reason=unstable_if action=reinterpret pc=0x00000001036359ec method=edu.uva.hdstats.LDEstimator.covariance([[D)[[D @ 99
Event: 70.831 Thread 0x00007faf12004800 Uncommon trap: reason=unstable_if action=reinterpret pc=0x0000000103639788 method=edu.uva.hdstats.LassoEstimator$CovarianceDiffNorm1.<init>([[D)V @ 58
Event: 70.857 Thread 0x00007faf12004800 Uncommon trap: reason=unstable_if action=reinterpret pc=0x0000000103641178 method=edu.uva.hdstats.LassoEstimator$CovarianceDiffNorm1.func([D)D @ 43

Internal exceptions (2 events):
Event: 0.043 Thread 0x00007faf12004800 Exception <a 'java/lang/NoSuchMethodError': Method sun.misc.Unsafe.defineClass(Ljava/lang/String;[BII)Ljava/lang/Class; name or signature does not match> (0x0000000715592af8) thrown at [/Users/java_re/workspace/8-2-build-macosx-x86_64/jdk8u51/3951/hotspot
Event: 0.043 Thread 0x00007faf12004800 Exception <a 'java/lang/NoSuchMethodError': Method sun.misc.Unsafe.prefetchRead(Ljava/lang/Object;J)V name or signature does not match> (0x0000000715592d88) thrown at [/Users/java_re/workspace/8-2-build-macosx-x86_64/jdk8u51/3951/hotspot/src/share/vm/prim

Events (10 events):
Event: 1029.526 Thread 0x00007faf12004800 DEOPT PACKING pc=0x0000000103640904 sp=0x00000001035006d0
Event: 1029.526 Thread 0x00007faf12004800 DEOPT UNPACKING pc=0x000000010354a633 sp=0x0000000103500450 mode 0
Event: 4983.659 loading class sun/misc/Signal$1
Event: 4983.659 loading class sun/misc/Signal$1 done
Event: 4983.659 Thread 0x00007faf1184f000 Thread added: 0x00007faf1184f000
Event: 4983.659 loading class java/lang/Shutdown
Event: 4983.659 loading class java/lang/Shutdown done
Event: 4983.659 loading class java/lang/Shutdown$Lock
Event: 4983.659 loading class java/lang/Shutdown$Lock done
Event: 4983.660 Executing VM operation: Exit


Dynamic libraries:
0x000000000152a000 	/System/Library/Frameworks/Cocoa.framework/Versions/A/Cocoa
0x000000000152a000 	/System/Library/Frameworks/Security.framework/Versions/A/Security
0x000000000152a000 	/System/Library/Frameworks/ApplicationServices.framework/Versions/A/ApplicationServices
0x000000000152a000 	/usr/lib/libz.1.dylib
0x000000000152a000 	/usr/lib/libSystem.B.dylib
0x000000000152a000 	/usr/lib/libobjc.A.dylib
0x000000000152a000 	/System/Library/Frameworks/CoreFoundation.framework/Versions/A/CoreFoundation
0x000000000152a000 	/System/Library/Frameworks/Foundation.framework/Versions/C/Foundation
0x000000000152a000 	/System/Library/Frameworks/AppKit.framework/Versions/C/AppKit
0x000000000152a000 	/System/Library/Frameworks/CoreData.framework/Versions/A/CoreData
0x000000000152a000 	/System/Library/PrivateFrameworks/RemoteViewServices.framework/Versions/A/RemoteViewServices
0x000000000152a000 	/System/Library/PrivateFrameworks/UIFoundation.framework/Versions/A/UIFoundation
0x000000000152a000 	/System/Library/Frameworks/IOSurface.framework/Versions/A/IOSurface
0x000000000152a000 	/System/Library/Frameworks/AudioToolbox.framework/Versions/A/AudioToolbox
0x000000000152a000 	/System/Library/Frameworks/AudioUnit.framework/Versions/A/AudioUnit
0x000000000152a000 	/System/Library/PrivateFrameworks/DataDetectorsCore.framework/Versions/A/DataDetectorsCore
0x000000000152a000 	/System/Library/PrivateFrameworks/DesktopServicesPriv.framework/Versions/A/DesktopServicesPriv
0x000000000152a000 	/System/Library/Frameworks/Carbon.framework/Versions/A/Frameworks/HIToolbox.framework/Versions/A/HIToolbox
0x000000000152a000 	/System/Library/Frameworks/QuartzCore.framework/Versions/A/QuartzCore
0x000000000152a000 	/System/Library/Frameworks/Carbon.framework/Versions/A/Frameworks/SpeechRecognition.framework/Versions/A/SpeechRecognition
0x000000000152a000 	/usr/lib/libauto.dylib
0x000000000152a000 	/usr/lib/libicucore.A.dylib
0x000000000152a000 	/usr/lib/libxml2.2.dylib
0x000000000152a000 	/System/Library/PrivateFrameworks/CoreUI.framework/Versions/A/CoreUI
0x000000000152a000 	/System/Library/Frameworks/CoreAudio.framework/Versions/A/CoreAudio
0x000000000152a000 	/System/Library/Frameworks/DiskArbitration.framework/Versions/A/DiskArbitration
0x000000000152a000 	/usr/lib/liblangid.dylib
0x000000000152a000 	/System/Library/PrivateFrameworks/MultitouchSupport.framework/Versions/A/MultitouchSupport
0x000000000152a000 	/System/Library/Frameworks/IOKit.framework/Versions/A/IOKit
0x000000000152a000 	/usr/lib/libDiagnosticMessagesClient.dylib
0x000000000152a000 	/System/Library/Frameworks/CoreServices.framework/Versions/A/CoreServices
0x000000000152a000 	/System/Library/PrivateFrameworks/PerformanceAnalysis.framework/Versions/A/PerformanceAnalysis
0x000000000152a000 	/System/Library/PrivateFrameworks/GenerationalStorage.framework/Versions/A/GenerationalStorage
0x000000000152a000 	/System/Library/Frameworks/OpenGL.framework/Versions/A/OpenGL
0x000000000152a000 	/System/Library/PrivateFrameworks/Sharing.framework/Versions/A/Sharing
0x000000000152a000 	/System/Library/Frameworks/CoreGraphics.framework/Versions/A/CoreGraphics
0x000000000152a000 	/System/Library/Frameworks/CoreText.framework/Versions/A/CoreText
0x000000000152a000 	/System/Library/Frameworks/ImageIO.framework/Versions/A/ImageIO
0x000000000152a000 	/usr/lib/libextension.dylib
0x000000000152a000 	/System/Library/PrivateFrameworks/Backup.framework/Versions/A/Backup
0x000000000152a000 	/usr/lib/libarchive.2.dylib
0x000000000152a000 	/System/Library/Frameworks/CFNetwork.framework/Versions/A/CFNetwork
0x000000000152a000 	/System/Library/Frameworks/SystemConfiguration.framework/Versions/A/SystemConfiguration
0x000000000152a000 	/usr/lib/libCRFSuite.dylib
0x000000000152a000 	/usr/lib/libc++.1.dylib
0x000000000152a000 	/usr/lib/libc++abi.dylib
0x000000000152a000 	/usr/lib/system/libcache.dylib
0x000000000152a000 	/usr/lib/system/libcommonCrypto.dylib
0x000000000152a000 	/usr/lib/system/libcompiler_rt.dylib
0x000000000152a000 	/usr/lib/system/libcopyfile.dylib
0x000000000152a000 	/usr/lib/system/libcorecrypto.dylib
0x000000000152a000 	/usr/lib/system/libdispatch.dylib
0x000000000152a000 	/usr/lib/system/libdyld.dylib
0x000000000152a000 	/usr/lib/system/libkeymgr.dylib
0x000000000152a000 	/usr/lib/system/liblaunch.dylib
0x000000000152a000 	/usr/lib/system/libmacho.dylib
0x000000000152a000 	/usr/lib/system/libquarantine.dylib
0x000000000152a000 	/usr/lib/system/libremovefile.dylib
0x000000000152a000 	/usr/lib/system/libsystem_asl.dylib
0x000000000152a000 	/usr/lib/system/libsystem_blocks.dylib
0x000000000152a000 	/usr/lib/system/libsystem_c.dylib
0x000000000152a000 	/usr/lib/system/libsystem_configuration.dylib
0x000000000152a000 	/usr/lib/system/libsystem_coreservices.dylib
0x000000000152a000 	/usr/lib/system/libsystem_coretls.dylib
0x000000000152a000 	/usr/lib/system/libsystem_dnssd.dylib
0x000000000152a000 	/usr/lib/system/libsystem_info.dylib
0x000000000152a000 	/usr/lib/system/libsystem_kernel.dylib
0x000000000152a000 	/usr/lib/system/libsystem_m.dylib
0x000000000152a000 	/usr/lib/system/libsystem_malloc.dylib
0x000000000152a000 	/usr/lib/system/libsystem_network.dylib
0x000000000152a000 	/usr/lib/system/libsystem_networkextension.dylib
0x000000000152a000 	/usr/lib/system/libsystem_notify.dylib
0x000000000152a000 	/usr/lib/system/libsystem_platform.dylib
0x000000000152a000 	/usr/lib/system/libsystem_pthread.dylib
0x000000000152a000 	/usr/lib/system/libsystem_sandbox.dylib
0x000000000152a000 	/usr/lib/system/libsystem_secinit.dylib
0x000000000152a000 	/usr/lib/system/libsystem_stats.dylib
0x000000000152a000 	/usr/lib/system/libsystem_trace.dylib
0x000000000152a000 	/usr/lib/system/libunc.dylib
0x000000000152a000 	/usr/lib/system/libunwind.dylib
0x000000000152a000 	/usr/lib/system/libxpc.dylib
0x000000000152a000 	/usr/lib/libbz2.1.0.dylib
0x000000000152a000 	/usr/lib/liblzma.5.dylib
0x000000000152a000 	/usr/lib/libbsm.0.dylib
0x000000000152a000 	/usr/lib/libsqlite3.dylib
0x000000000152a000 	/usr/lib/system/libkxld.dylib
0x000000000152a000 	/usr/lib/libxar.1.dylib
0x000000000152a000 	/usr/lib/libpam.2.dylib
0x000000000152a000 	/usr/lib/libOpenScriptingUtil.dylib
0x000000000152a000 	/System/Library/Frameworks/CoreServices.framework/Versions/A/Frameworks/FSEvents.framework/Versions/A/FSEvents
0x000000000152a000 	/System/Library/Frameworks/CoreServices.framework/Versions/A/Frameworks/CarbonCore.framework/Versions/A/CarbonCore
0x000000000152a000 	/System/Library/Frameworks/CoreServices.framework/Versions/A/Frameworks/Metadata.framework/Versions/A/Metadata
0x000000000152a000 	/System/Library/Frameworks/CoreServices.framework/Versions/A/Frameworks/OSServices.framework/Versions/A/OSServices
0x000000000152a000 	/System/Library/Frameworks/CoreServices.framework/Versions/A/Frameworks/SearchKit.framework/Versions/A/SearchKit
0x000000000152a000 	/System/Library/Frameworks/CoreServices.framework/Versions/A/Frameworks/AE.framework/Versions/A/AE
0x000000000152a000 	/System/Library/Frameworks/CoreServices.framework/Versions/A/Frameworks/LaunchServices.framework/Versions/A/LaunchServices
0x000000000152a000 	/System/Library/Frameworks/CoreServices.framework/Versions/A/Frameworks/DictionaryServices.framework/Versions/A/DictionaryServices
0x000000000152a000 	/System/Library/Frameworks/NetFS.framework/Versions/A/NetFS
0x000000000152a000 	/System/Library/PrivateFrameworks/NetAuth.framework/Versions/A/NetAuth
0x000000000152a000 	/System/Library/PrivateFrameworks/login.framework/Versions/A/Frameworks/loginsupport.framework/Versions/A/loginsupport
0x000000000152a000 	/System/Library/PrivateFrameworks/TCC.framework/Versions/A/TCC
0x000000000152a000 	/usr/lib/libmecabra.dylib
0x000000000152a000 	/System/Library/Frameworks/ApplicationServices.framework/Versions/A/Frameworks/ATS.framework/Versions/A/ATS
0x000000000152a000 	/System/Library/Frameworks/ApplicationServices.framework/Versions/A/Frameworks/ColorSync.framework/Versions/A/ColorSync
0x000000000152a000 	/System/Library/Frameworks/ApplicationServices.framework/Versions/A/Frameworks/HIServices.framework/Versions/A/HIServices
0x000000000152a000 	/System/Library/Frameworks/ApplicationServices.framework/Versions/A/Frameworks/LangAnalysis.framework/Versions/A/LangAnalysis
0x000000000152a000 	/System/Library/Frameworks/ApplicationServices.framework/Versions/A/Frameworks/PrintCore.framework/Versions/A/PrintCore
0x000000000152a000 	/System/Library/Frameworks/ApplicationServices.framework/Versions/A/Frameworks/QD.framework/Versions/A/QD
0x000000000152a000 	/System/Library/Frameworks/ApplicationServices.framework/Versions/A/Frameworks/SpeechSynthesis.framework/Versions/A/SpeechSynthesis
0x000000000152a000 	/System/Library/Frameworks/Accelerate.framework/Versions/A/Accelerate
0x000000000152a000 	/System/Library/Frameworks/Accelerate.framework/Versions/A/Frameworks/vImage.framework/Versions/A/vImage
0x000000000152a000 	/System/Library/Frameworks/Accelerate.framework/Versions/A/Frameworks/vecLib.framework/Versions/A/vecLib
0x000000000152a000 	/System/Library/Frameworks/Accelerate.framework/Versions/A/Frameworks/vecLib.framework/Versions/A/libvDSP.dylib
0x000000000152a000 	/System/Library/Frameworks/Accelerate.framework/Versions/A/Frameworks/vecLib.framework/Versions/A/libvMisc.dylib
0x000000000152a000 	/System/Library/Frameworks/Accelerate.framework/Versions/A/Frameworks/vecLib.framework/Versions/A/libLAPACK.dylib
0x000000000152a000 	/System/Library/Frameworks/Accelerate.framework/Versions/A/Frameworks/vecLib.framework/Versions/A/libBLAS.dylib
0x000000000152a000 	/System/Library/Frameworks/Accelerate.framework/Versions/A/Frameworks/vecLib.framework/Versions/A/libLinearAlgebra.dylib
0x000000000152a000 	/System/Library/Frameworks/ApplicationServices.framework/Versions/A/Frameworks/ATS.framework/Versions/A/Resources/libFontParser.dylib
0x000000000152a000 	/System/Library/Frameworks/ApplicationServices.framework/Versions/A/Frameworks/ATS.framework/Versions/A/Resources/libFontRegistry.dylib
0x000000000152a000 	/System/Library/PrivateFrameworks/AppleVPA.framework/Versions/A/AppleVPA
0x000000000152a000 	/System/Library/PrivateFrameworks/AppleJPEG.framework/Versions/A/AppleJPEG
0x000000000152a000 	/System/Library/Frameworks/ImageIO.framework/Versions/A/Resources/libJPEG.dylib
0x000000000152a000 	/System/Library/Frameworks/ImageIO.framework/Versions/A/Resources/libTIFF.dylib
0x000000000152a000 	/System/Library/Frameworks/ImageIO.framework/Versions/A/Resources/libPng.dylib
0x000000000152a000 	/System/Library/Frameworks/ImageIO.framework/Versions/A/Resources/libGIF.dylib
0x000000000152a000 	/System/Library/Frameworks/ImageIO.framework/Versions/A/Resources/libJP2.dylib
0x000000000152a000 	/System/Library/Frameworks/ImageIO.framework/Versions/A/Resources/libRadiance.dylib
0x000000000152a000 	/System/Library/Frameworks/CoreVideo.framework/Versions/A/CoreVideo
0x000000000152a000 	/System/Library/Frameworks/OpenGL.framework/Versions/A/Libraries/libGLU.dylib
0x000000000152a000 	/System/Library/Frameworks/OpenGL.framework/Versions/A/Libraries/libGFXShared.dylib
0x000000000152a000 	/System/Library/Frameworks/OpenGL.framework/Versions/A/Libraries/libGL.dylib
0x000000000152a000 	/System/Library/Frameworks/OpenGL.framework/Versions/A/Libraries/libGLImage.dylib
0x000000000152a000 	/System/Library/Frameworks/OpenGL.framework/Versions/A/Libraries/libCVMSPluginSupport.dylib
0x000000000152a000 	/System/Library/Frameworks/OpenGL.framework/Versions/A/Libraries/libCoreVMClient.dylib
0x000000000152a000 	/usr/lib/libcups.2.dylib
0x000000000152a000 	/System/Library/Frameworks/Kerberos.framework/Versions/A/Kerberos
0x000000000152a000 	/System/Library/Frameworks/GSS.framework/Versions/A/GSS
0x000000000152a000 	/usr/lib/libresolv.9.dylib
0x000000000152a000 	/usr/lib/libiconv.2.dylib
0x000000000152a000 	/System/Library/PrivateFrameworks/Heimdal.framework/Versions/A/Heimdal
0x000000000152a000 	/usr/lib/libheimdal-asn1.dylib
0x000000000152a000 	/System/Library/Frameworks/OpenDirectory.framework/Versions/A/OpenDirectory
0x000000000152a000 	/System/Library/PrivateFrameworks/CommonAuth.framework/Versions/A/CommonAuth
0x000000000152a000 	/System/Library/Frameworks/OpenDirectory.framework/Versions/A/Frameworks/CFOpenDirectory.framework/Versions/A/CFOpenDirectory
0x000000000152a000 	/System/Library/Frameworks/SecurityFoundation.framework/Versions/A/SecurityFoundation
0x000000000152a000 	/System/Library/PrivateFrameworks/LanguageModeling.framework/Versions/A/LanguageModeling
0x000000000152a000 	/usr/lib/libcmph.dylib
0x000000000152a000 	/System/Library/Frameworks/ServiceManagement.framework/Versions/A/ServiceManagement
0x000000000152a000 	/usr/lib/libxslt.1.dylib
0x000000000152a000 	/System/Library/Frameworks/Carbon.framework/Versions/A/Frameworks/Ink.framework/Versions/A/Ink
0x000000000152a000 	/System/Library/Frameworks/QuartzCore.framework/Versions/A/Frameworks/CoreImage.framework/Versions/A/CoreImage
0x000000000152a000 	/System/Library/PrivateFrameworks/CrashReporterSupport.framework/Versions/A/CrashReporterSupport
0x000000000152a000 	/System/Library/Frameworks/OpenCL.framework/Versions/A/OpenCL
0x000000000152a000 	/System/Library/PrivateFrameworks/FaceCore.framework/Versions/A/FaceCore
0x000000000152a000 	/System/Library/PrivateFrameworks/Ubiquity.framework/Versions/A/Ubiquity
0x000000000152a000 	/System/Library/PrivateFrameworks/IconServices.framework/Versions/A/IconServices
0x000000000152a000 	/System/Library/PrivateFrameworks/ChunkingLibrary.framework/Versions/A/ChunkingLibrary
0x000000000152a000 	/System/Library/PrivateFrameworks/Apple80211.framework/Versions/A/Apple80211
0x000000000152a000 	/System/Library/Frameworks/CoreWLAN.framework/Versions/A/CoreWLAN
0x000000000152a000 	/System/Library/Frameworks/IOBluetooth.framework/Versions/A/IOBluetooth
0x000000000152a000 	/System/Library/PrivateFrameworks/CoreWiFi.framework/Versions/A/CoreWiFi
0x000000000152a000 	/System/Library/Frameworks/CoreBluetooth.framework/Versions/A/CoreBluetooth
0x000000000152a000 	/System/Library/PrivateFrameworks/DebugSymbols.framework/Versions/A/DebugSymbols
0x000000000152a000 	/System/Library/PrivateFrameworks/CoreSymbolication.framework/Versions/A/CoreSymbolication
0x000000000152a000 	/System/Library/PrivateFrameworks/Symbolication.framework/Versions/A/Symbolication
0x000000000152a000 	/System/Library/PrivateFrameworks/SpeechRecognitionCore.framework/Versions/A/SpeechRecognitionCore
0x0000000101b8d000 	/Library/Java/JavaVirtualMachines/jdk1.8.0_51.jdk/Contents/Home/jre/lib/server/libjvm.dylib
0x000000000152a000 	/usr/lib/libstdc++.6.dylib
0x0000000102b0d000 	/Library/Java/JavaVirtualMachines/jdk1.8.0_51.jdk/Contents/Home/jre/lib/libverify.dylib
0x0000000102b1b000 	/Library/Java/JavaVirtualMachines/jdk1.8.0_51.jdk/Contents/Home/jre/lib/libjava.dylib
0x0000000102b5a000 	/Library/Java/JavaVirtualMachines/jdk1.8.0_51.jdk/Contents/Home/jre/lib/libzip.dylib
0x0000000102be7000 	/System/Library/Frameworks/JavaVM.framework/Frameworks/JavaRuntimeSupport.framework/JavaRuntimeSupport
0x0000000127570000 	/System/Library/Frameworks/JavaVM.framework/Versions/A/Frameworks/JavaNativeFoundation.framework/Versions/A/JavaNativeFoundation
0x0000000127584000 	/System/Library/Frameworks/JavaVM.framework/Versions/A/JavaVM
0x000000000152a000 	/System/Library/Frameworks/Carbon.framework/Versions/A/Carbon
0x0000000127590000 	/System/Library/PrivateFrameworks/JavaLaunching.framework/Versions/A/JavaLaunching
0x000000000152a000 	/System/Library/Frameworks/Carbon.framework/Versions/A/Frameworks/CommonPanels.framework/Versions/A/CommonPanels
0x000000000152a000 	/System/Library/Frameworks/Carbon.framework/Versions/A/Frameworks/Help.framework/Versions/A/Help
0x000000000152a000 	/System/Library/Frameworks/Carbon.framework/Versions/A/Frameworks/ImageCapture.framework/Versions/A/ImageCapture
0x000000000152a000 	/System/Library/Frameworks/Carbon.framework/Versions/A/Frameworks/OpenScripting.framework/Versions/A/OpenScripting
0x000000000152a000 	/System/Library/Frameworks/Carbon.framework/Versions/A/Frameworks/Print.framework/Versions/A/Print
0x000000000152a000 	/System/Library/Frameworks/Carbon.framework/Versions/A/Frameworks/SecurityHI.framework/Versions/A/SecurityHI

VM Arguments:
jvm_args: -Xms4096m -Xmx8192m -Dfile.encoding=UTF-8 
java_command: edu.uva.hdstats.test.HDStatsTest
java_class_path (initial): /Users/bertrandx/Dropbox/HDState/bin:/Users/bertrandx/Dropbox/libOPT/bin:/Users/bertrandx/Dropbox/libOPT/lib/LAML-1.6.2.jar:/Users/bertrandx/Dropbox/HDState/lib/LAML-1.6.2.jar
Launcher Type: SUN_STANDARD

Environment Variables:
PATH=/usr/bin:/bin:/usr/sbin:/sbin
SHELL=/bin/bash
DISPLAY=/private/tmp/com.apple.launchd.pxWV4KbFR3/org.macosforge.xquartz:0

Signal Handlers:
SIGSEGV: [libjvm.dylib+0x58ef35], sa_mask[0]=11111111011111110111111111111111, sa_flags=SA_ONSTACK|SA_RESTART|SA_SIGINFO
SIGBUS: [libjvm.dylib+0x58ef35], sa_mask[0]=11111111011111110111111111111111, sa_flags=SA_RESTART|SA_SIGINFO
SIGFPE: [libjvm.dylib+0x46c028], sa_mask[0]=11111111011111110111111111111111, sa_flags=SA_RESTART|SA_SIGINFO
SIGPIPE: [libjvm.dylib+0x46c028], sa_mask[0]=11111111011111110111111111111111, sa_flags=SA_RESTART|SA_SIGINFO
SIGXFSZ: [libjvm.dylib+0x46c028], sa_mask[0]=11111111011111110111111111111111, sa_flags=SA_RESTART|SA_SIGINFO
SIGILL: [libjvm.dylib+0x46c028], sa_mask[0]=11111111011111110111111111111111, sa_flags=SA_RESTART|SA_SIGINFO
SIGUSR1: SIG_DFL, sa_mask[0]=00000000000000000000000000000000, sa_flags=none
SIGUSR2: [libjvm.dylib+0x46bb46], sa_mask[0]=00100000000000000000000000000000, sa_flags=SA_RESTART|SA_SIGINFO
SIGHUP: [libjvm.dylib+0x46a119], sa_mask[0]=11111111011111110111111111111111, sa_flags=SA_RESTART|SA_SIGINFO
SIGINT: [libjvm.dylib+0x46a119], sa_mask[0]=11111111011111110111111111111111, sa_flags=SA_RESTART|SA_SIGINFO
SIGTERM: [libjvm.dylib+0x46a119], sa_mask[0]=11111111011111110111111111111111, sa_flags=SA_RESTART|SA_SIGINFO
SIGQUIT: [libjvm.dylib+0x46a119], sa_mask[0]=11111111011111110111111111111111, sa_flags=SA_RESTART|SA_SIGINFO


---------------  S Y S T E M  ---------------

OS:Bsduname:Darwin 14.3.0 Darwin Kernel Version 14.3.0: Mon Mar 23 11:59:05 PDT 2015; root:xnu-2782.20.48~5/RELEASE_X86_64 x86_64
rlimit: STACK 8192k, CORE 0k, NPROC 709, NOFILE 10240, AS infinity
load average:3.97 3.89 3.91

CPU:total 4 (4 cores per cpu, 1 threads per core) family 6 model 60 stepping 3, cmov, cx8, fxsr, mmx, sse, sse2, sse3, ssse3, sse4.1, sse4.2, popcnt, avx, avx2, aes, clmul, erms, rtm, lzcnt, tsc, tscinvbit, bmi1, bmi2

Memory: 4k page, physical 16777216k(2232872k free)

/proc/meminfo:


vm_info: Java HotSpot(TM) 64-Bit Server VM (25.51-b03) for bsd-amd64 JRE (1.8.0_51-b16), built on Jun  8 2015 18:01:11 by "java_re" with gcc 4.2.1 (Based on Apple Inc. build 5658) (LLVM build 2336.11.00)

time: Sun Aug  9 13:32:04 2015
elapsed time: 5371 seconds (0d 1h 29m 31s)

